<?xml version="1.0" encoding="UTF-8"?>
<testng-results skipped="1" failed="0" total="1" passed="0">
  <reporter-output>
  </reporter-output>
  <suite name="Default suite" duration-ms="42853" started-at="2018-07-16T11:54:21Z" finished-at="2018-07-16T11:55:04Z">
    <groups>
    </groups>
    <test name="Default test" duration-ms="42853" started-at="2018-07-16T11:54:21Z" finished-at="2018-07-16T11:55:04Z">
      <class name="webAutoTest.SaudiArabicPaypalClass">
        <test-method status="PASS" signature="startReport()[pri:0, instance:webAutoTest.SaudiArabicPaypalClass@5a8e6209]" name="startReport" is-config="true" duration-ms="251" started-at="2018-07-16T15:54:21Z" finished-at="2018-07-16T15:54:21Z">
          <reporter-output>
          </reporter-output>
        </test-method> <!-- startReport -->
        <test-method status="FAIL" signature="failTest()[pri:0, instance:webAutoTest.SaudiArabicPaypalClass@5a8e6209]" name="failTest" is-config="true" duration-ms="0" started-at="2018-07-16T15:54:21Z" finished-at="2018-07-16T15:54:21Z">
          <exception class="java.lang.AssertionError">
            <message>
              <![CDATA[expected [verifying English Main Stores are up] but found [fail]]]>
            </message>
            <full-stacktrace>
              <![CDATA[java.lang.AssertionError: expected [verifying English Main Stores are up] but found [fail]
	at org.testng.Assert.fail(Assert.java:94)
	at org.testng.Assert.failNotEquals(Assert.java:513)
	at org.testng.Assert.assertEqualsImpl(Assert.java:135)
	at org.testng.Assert.assertEquals(Assert.java:116)
	at org.testng.Assert.assertEquals(Assert.java:190)
	at org.testng.Assert.assertEquals(Assert.java:200)
	at webAutoTest.SaudiArabicPaypalClass.failTest(SaudiArabicPaypalClass.java:84)
	at sun.reflect.NativeMethodAccessorImpl.invoke0(Native Method)
	at sun.reflect.NativeMethodAccessorImpl.invoke(NativeMethodAccessorImpl.java:62)
	at sun.reflect.DelegatingMethodAccessorImpl.invoke(DelegatingMethodAccessorImpl.java:43)
	at java.lang.reflect.Method.invoke(Method.java:498)
	at org.testng.internal.MethodInvocationHelper.invokeMethod(MethodInvocationHelper.java:86)
	at org.testng.internal.Invoker.invokeConfigurationMethod(Invoker.java:514)
	at org.testng.internal.Invoker.invokeConfigurations(Invoker.java:215)
	at org.testng.internal.Invoker.invokeConfigurations(Invoker.java:142)
	at org.testng.internal.TestMethodWorker.invokeBeforeClassMethods(TestMethodWorker.java:178)
	at org.testng.internal.TestMethodWorker.run(TestMethodWorker.java:108)
	at org.testng.TestRunner.privateRun(TestRunner.java:782)
	at org.testng.TestRunner.run(TestRunner.java:632)
	at org.testng.SuiteRunner.runTest(SuiteRunner.java:366)
	at org.testng.SuiteRunner.runSequentially(SuiteRunner.java:361)
	at org.testng.SuiteRunner.privateRun(SuiteRunner.java:319)
	at org.testng.SuiteRunner.run(SuiteRunner.java:268)
	at org.testng.SuiteRunnerWorker.runSuite(SuiteRunnerWorker.java:52)
	at org.testng.SuiteRunnerWorker.run(SuiteRunnerWorker.java:86)
	at org.testng.TestNG.runSuitesSequentially(TestNG.java:1244)
	at org.testng.TestNG.runSuitesLocally(TestNG.java:1169)
	at org.testng.TestNG.run(TestNG.java:1064)
	at org.testng.remote.AbstractRemoteTestNG.run(AbstractRemoteTestNG.java:114)
	at org.testng.remote.RemoteTestNG.initAndRun(RemoteTestNG.java:251)
	at org.testng.remote.RemoteTestNG.main(RemoteTestNG.java:77)
]]>
            </full-stacktrace>
          </exception> <!-- java.lang.AssertionError -->
          <reporter-output>
          </reporter-output>
        </test-method> <!-- failTest -->
        <test-method status="SKIP" signature="passTest()[pri:0, instance:webAutoTest.SaudiArabicPaypalClass@5a8e6209]" name="passTest" duration-ms="2" started-at="2018-07-16T15:55:04Z" finished-at="2018-07-16T15:55:04Z">
          <reporter-output>
          </reporter-output>
        </test-method> <!-- passTest -->
        <test-method status="SKIP" signature="getResult(org.testng.ITestResult)[pri:0, instance:webAutoTest.SaudiArabicPaypalClass@5a8e6209]" name="getResult" is-config="true" duration-ms="0" started-at="2018-07-16T15:55:04Z" finished-at="2018-07-16T15:55:04Z">
          <reporter-output>
          </reporter-output>
        </test-method> <!-- getResult -->
        <test-method status="SKIP" signature="endReport()[pri:0, instance:webAutoTest.SaudiArabicPaypalClass@5a8e6209]" name="endReport" is-config="true" duration-ms="0" started-at="2018-07-16T15:55:04Z" finished-at="2018-07-16T15:55:04Z">
          <reporter-output>
          </reporter-output>
        </test-method> <!-- endReport -->
      </class> <!-- webAutoTest.SaudiArabicPaypalClass -->
    </test> <!-- Default test -->
  </suite> <!-- Default suite -->
</testng-results>
